Generating SQLite file report1.sqlite from report1.nsys-rep
Processing [report1.sqlite] with [/opt/nvidia/nsight-systems/2024.7.1/host-linux-x64/reports/nvtx_sum.py]... 
SKIPPED: report1.sqlite does not contain NV Tools Extension (NVTX) data.

Processing [report1.sqlite] with [/opt/nvidia/nsight-systems/2024.7.1/host-linux-x64/reports/osrt_sum.py]... 

 ** OS Runtime Summary (osrt_sum):

 Time (%)  Total Time (ns)  Num Calls    Avg (ns)     Med (ns)    Min (ns)   Max (ns)    StdDev (ns)            Name         
 --------  ---------------  ---------  ------------  -----------  --------  -----------  ------------  ----------------------
     75.2      346,835,641         11  31,530,512.8  8,074,209.0   257,265  246,588,307  72,883,320.2  poll                  
     23.8      109,882,553        456     240,970.5     15,995.5     1,002   12,895,058     832,381.3  ioctl                 
      0.6        2,975,863         24     123,994.3      9,162.0     7,003    2,163,834     438,076.9  mmap64                
      0.1          339,954          9      37,772.7     38,824.0    30,608       51,397       7,152.5  sem_timedwait         
      0.0          229,909         42       5,474.0      4,653.5     2,705       14,077       2,023.9  open64                
      0.0          191,552         34       5,633.9      3,942.5     1,433       23,504       5,195.6  fopen                 
      0.0          172,443         13      13,264.8      5,390.0     3,366       95,640      24,931.3  mmap                  
      0.0           99,237          3      33,079.0     33,874.0    28,634       36,729       4,105.6  pthread_create        
      0.0           97,905          1      97,905.0     97,905.0    97,905       97,905           0.0  pthread_cond_wait     
      0.0           93,628          4      23,407.0      7,489.5     6,643       72,006      32,401.9  fgets                 
      0.0           50,917         29       1,755.8      1,623.0     1,072        4,479         700.1  fclose                
      0.0           26,269          6       4,378.2      4,333.0     2,234        6,592       1,524.9  open                  
      0.0           22,613          2      11,306.5     11,306.5     7,685       14,928       5,121.6  fread                 
      0.0           18,552         13       1,427.1      1,172.0     1,092        2,965         571.5  read                  
      0.0           17,263         10       1,726.3      1,548.0     1,042        3,096         647.9  write                 
      0.0           17,012          3       5,670.7      5,510.0     4,168        7,334       1,589.1  munmap                
      0.0           14,906          3       4,968.7      6,091.0     2,494        6,321       2,146.2  pipe2                 
      0.0           12,864          2       6,432.0      6,432.0     3,817        9,047       3,698.2  socket                
      0.0           11,051          1      11,051.0     11,051.0    11,051       11,051           0.0  connect               
      0.0            8,487          3       2,829.0      2,826.0     2,745        2,916          85.5  fopen64               
      0.0            7,214          3       2,404.7      1,754.0     1,743        3,717       1,136.5  pthread_cond_broadcast
      0.0            3,205          2       1,602.5      1,602.5     1,232        1,973         524.0  fwrite                
      0.0            2,405          2       1,202.5      1,202.5     1,162        1,243          57.3  fcntl                 
      0.0            1,943          1       1,943.0      1,943.0     1,943        1,943           0.0  bind                  

Processing [report1.sqlite] with [/opt/nvidia/nsight-systems/2024.7.1/host-linux-x64/reports/cuda_api_sum.py]... 

 ** CUDA API Summary (cuda_api_sum):

 Time (%)  Total Time (ns)  Num Calls    Avg (ns)     Med (ns)    Min (ns)    Max (ns)    StdDev (ns)            Name         
 --------  ---------------  ---------  ------------  -----------  ---------  -----------  ------------  ----------------------
     89.7      110,385,109          3  36,795,036.3     69,892.0     57,949  110,257,268  63,620,159.1  cudaMalloc            
      5.1        6,275,294          4   1,568,823.5  1,609,823.5  1,308,029    1,747,618     195,691.7  cudaMemcpy            
      5.1        6,266,066          2   3,133,033.0  3,133,033.0    217,190    6,048,876   4,123,624.7  cudaDeviceSynchronize 
      0.1          107,102          1     107,102.0    107,102.0    107,102      107,102           0.0  cudaLaunchKernel      
      0.0            2,715          1       2,715.0      2,715.0      2,715        2,715           0.0  cudaDeviceReset       
      0.0            1,884          1       1,884.0      1,884.0      1,884        1,884           0.0  cuCtxSynchronize      
      0.0              942          1         942.0        942.0        942          942           0.0  cuModuleGetLoadingMode

Processing [report1.sqlite] with [/opt/nvidia/nsight-systems/2024.7.1/host-linux-x64/reports/cuda_gpu_kern_sum.py]... 

 ** CUDA GPU Kernel Summary (cuda_gpu_kern_sum):

 Time (%)  Total Time (ns)  Instances   Avg (ns)     Med (ns)    Min (ns)   Max (ns)   StdDev (ns)                                    Name                                   
 --------  ---------------  ---------  -----------  -----------  ---------  ---------  -----------  -------------------------------------------------------------------------
    100.0        6,041,240          1  6,041,240.0  6,041,240.0  6,041,240  6,041,240          0.0  mat_mul(unsigned long *, unsigned long *, unsigned long *, unsigned long)

Processing [report1.sqlite] with [/opt/nvidia/nsight-systems/2024.7.1/host-linux-x64/reports/cuda_gpu_mem_time_sum.py]... 

 ** CUDA GPU MemOps Summary (by Time) (cuda_gpu_mem_time_sum):

 Time (%)  Total Time (ns)  Count   Avg (ns)     Med (ns)    Min (ns)   Max (ns)   StdDev (ns)           Operation          
 --------  ---------------  -----  -----------  -----------  ---------  ---------  -----------  ----------------------------
     73.5        4,234,014      3  1,411,338.0  1,475,286.0  1,268,307  1,490,421    124,099.4  [CUDA memcpy Host-to-Device]
     26.5        1,529,398      1  1,529,398.0  1,529,398.0  1,529,398  1,529,398          0.0  [CUDA memcpy Device-to-Host]

Processing [report1.sqlite] with [/opt/nvidia/nsight-systems/2024.7.1/host-linux-x64/reports/cuda_gpu_mem_size_sum.py]... 

 ** CUDA GPU MemOps Summary (by Size) (cuda_gpu_mem_size_sum):

 Total (MB)  Count  Avg (MB)  Med (MB)  Min (MB)  Max (MB)  StdDev (MB)           Operation          
 ----------  -----  --------  --------  --------  --------  -----------  ----------------------------
     25.166      3     8.389     8.389     8.389     8.389        0.000  [CUDA memcpy Host-to-Device]
      8.389      1     8.389     8.389     8.389     8.389        0.000  [CUDA memcpy Device-to-Host]

Processing [report1.sqlite] with [/opt/nvidia/nsight-systems/2024.7.1/host-linux-x64/reports/openmp_sum.py]... 
SKIPPED: report1.sqlite does not contain OpenMP event data.

Processing [report1.sqlite] with [/opt/nvidia/nsight-systems/2024.7.1/host-linux-x64/reports/opengl_khr_range_sum.py]... 
SKIPPED: report1.sqlite does not contain KHR Extension (KHR_DEBUG) data.

Processing [report1.sqlite] with [/opt/nvidia/nsight-systems/2024.7.1/host-linux-x64/reports/opengl_khr_gpu_range_sum.py]... 
SKIPPED: report1.sqlite does not contain GPU KHR Extension (KHR_DEBUG) data.

Processing [report1.sqlite] with [/opt/nvidia/nsight-systems/2024.7.1/host-linux-x64/reports/vulkan_marker_sum.py]... 
SKIPPED: report1.sqlite does not contain Vulkan Debug Extension (Vulkan Debug Util) data.

Processing [report1.sqlite] with [/opt/nvidia/nsight-systems/2024.7.1/host-linux-x64/reports/vulkan_gpu_marker_sum.py]... 
SKIPPED: report1.sqlite does not contain GPU Vulkan Debug Extension (GPU Vulkan Debug markers) data.

Processing [report1.sqlite] with [/opt/nvidia/nsight-systems/2024.7.1/host-linux-x64/reports/dx11_pix_sum.py]... 
SKIPPED: report1.sqlite does not contain DX11 CPU debug markers.

Processing [report1.sqlite] with [/opt/nvidia/nsight-systems/2024.7.1/host-linux-x64/reports/dx12_gpu_marker_sum.py]... 
SKIPPED: report1.sqlite does not contain DX12 GPU debug markers.

Processing [report1.sqlite] with [/opt/nvidia/nsight-systems/2024.7.1/host-linux-x64/reports/dx12_pix_sum.py]... 
SKIPPED: report1.sqlite does not contain DX12 CPU debug markers.

Processing [report1.sqlite] with [/opt/nvidia/nsight-systems/2024.7.1/host-linux-x64/reports/wddm_queue_sum.py]... 
SKIPPED: report1.sqlite does not contain WDDM context data.

Processing [report1.sqlite] with [/opt/nvidia/nsight-systems/2024.7.1/host-linux-x64/reports/um_sum.py]... 
SKIPPED: report1.sqlite does not contain CUDA Unified Memory CPU page faults data.

Processing [report1.sqlite] with [/opt/nvidia/nsight-systems/2024.7.1/host-linux-x64/reports/um_total_sum.py]... 
SKIPPED: report1.sqlite does not contain CUDA Unified Memory CPU page faults data.

Processing [report1.sqlite] with [/opt/nvidia/nsight-systems/2024.7.1/host-linux-x64/reports/um_cpu_page_faults_sum.py]... 
SKIPPED: report1.sqlite does not contain CUDA Unified Memory CPU page faults data.

Processing [report1.sqlite] with [/opt/nvidia/nsight-systems/2024.7.1/host-linux-x64/reports/openacc_sum.py]... 
SKIPPED: report1.sqlite does not contain OpenACC event data.

Processing [report1.sqlite] with [/opt/nvidia/nsight-systems/2024.7.1/host-linux-x64/reports/syscall_sum.py]... 
SKIPPED: report1.sqlite does not contain syscall data.

